app/build/outputs/logs/manifest-merger-debug-report.txt
-- Merging decision tree log ---
manifest
ADDED from src\main\AndroidManifest.xml:2:1-31:12
	package
		ADDED from src\main\AndroidManifest.xml:3:7-35
		INJECTED from src\main\AndroidManifest.xml
		INJECTED from src\main\AndroidManifest.xml
	android:versionName
		ADDED from src\main\AndroidManifest.xml:4:7-32
		INJECTED from src\main\AndroidManifest.xml
		INJECTED from src\main\AndroidManifest.xml
	android:versionCode
		ADDED from src\main\AndroidManifest.xml:4:33-56
		INJECTED from src\main\AndroidManifest.xml
		INJECTED from src\main\AndroidManifest.xml
	xmlns:android
		ADDED from src\main\AndroidManifest.xml:2:11-69
uses-sdk
ADDED from src\main\AndroidManifest.xml:5:5-43
	android:targetSdkVersion
		INJECTED from src\main\AndroidManifest.xml
		INJECTED from src\main\AndroidManifest.xml
	android:minSdkVersion
		ADDED from src\main\AndroidManifest.xml:5:15-40
		INJECTED from src\main\AndroidManifest.xml
		INJECTED from src\main\AndroidManifest.xml
application
ADDED from src\main\AndroidManifest.xml:7:5-26:19
	android:label
		ADDED from src\main\AndroidManifest.xml:7:83-115
	android:icon
		ADDED from src\main\AndroidManifest.xml:7:53-82
	android:name
		ADDED from src\main\AndroidManifest.xml:7:18-52
activity#com.cafbit.valence.SelectionActivity
ADDED from src\main\AndroidManifest.xml:8:9-13:20
	android:label
		ADDED from src\main\AndroidManifest.xml:8:53-85
	android:name
		ADDED from src\main\AndroidManifest.xml:8:19-52
intent-filter#android.intent.action.MAIN+android.intent.category.LAUNCHER
ADDED from src\main\AndroidManifest.xml:9:13-12:29
action#android.intent.action.MAIN
ADDED from src\main\AndroidManifest.xml:10:17-69
	android:name
		ADDED from src\main\AndroidManifest.xml:10:25-66
category#android.intent.category.LAUNCHER
ADDED from src\main\AndroidManifest.xml:11:17-77
	android:name
		ADDED from src\main\AndroidManifest.xml:11:27-74
activity#com.cafbit.valence.ValenceActivity
ADDED from src\main\AndroidManifest.xml:14:9-17:20
	android:label
		ADDED from src\main\AndroidManifest.xml:15:19-51
	android:windowSoftInputMode
		ADDED from src\main\AndroidManifest.xml:16:19-83
	android:name
		ADDED from src\main\AndroidManifest.xml:14:19-49
activity#com.cafbit.motelib.settings.AddDeviceActivity
ADDED from src\main\AndroidManifest.xml:18:9-19:20
	android:label
		ADDED from src\main\AndroidManifest.xml:18:80-120
	android:name
		ADDED from src\main\AndroidManifest.xml:18:19-79
activity#com.cafbit.motelib.discovery.DiscoveryActivity
ADDED from src\main\AndroidManifest.xml:20:9-21:20
	android:label
		ADDED from src\main\AndroidManifest.xml:20:81-120
	android:name
		ADDED from src\main\AndroidManifest.xml:20:19-80
activity#com.cafbit.valence.HelpActivity
ADDED from src\main\AndroidManifest.xml:22:9-23:20
	android:label
		ADDED from src\main\AndroidManifest.xml:22:66-94
	android:name
		ADDED from src\main\AndroidManifest.xml:22:19-65
uses-permission#android.permission.ACCESS_WIFI_STATE
ADDED from src\main\AndroidManifest.xml:27:2-89
	android:name
		ADDED from src\main\AndroidManifest.xml:27:19-70
uses-permission#android.permission.CHANGE_WIFI_MULTICAST_STATE
ADDED from src\main\AndroidManifest.xml:28:2-99
	android:name
		ADDED from src\main\AndroidManifest.xml:28:19-80
uses-permission#android.permission.ACCESS_NETWORK_STATE
ADDED from src\main\AndroidManifest.xml:29:2-92
	android:name
		ADDED from src\main\AndroidManifest.xml:29:19-73
uses-permission#android.permission.INTERNET
ADDED from src\main\AndroidManifest.xml:30:2-80
	android:name
		ADDED from src\main\AndroidManifest.xml:30:19-61